<?xml version="1.0" encoding="UTF-8"?>
<!-- Generated by org.testng.reporters.JUnitReportReporter -->
<testsuite hostname="SADIYAs-MacBook-Pro.local" failures="0" tests="2" name="testNG.ConfigAnnotations" time="0.030" errors="0" timestamp="2025-05-29T08:49:15 IST" skipped="0">
  <testcase classname="testNG.ConfigAnnotations" name="test" time="0.025"/>
  <testcase classname="testNG.ConfigAnnotations" name="test1" time="0.005"/>
</testsuite> <!-- testNG.ConfigAnnotations -->
