<?xml version="1.0" encoding="UTF-8"?>
<!-- Generated by org.testng.reporters.JUnitReportReporter -->
<testsuite hostname="SADIYAs-MacBook-Pro.local" failures="0" tests="1" name="Demo.test1" time="0.023" errors="0" timestamp="2025-06-03T07:23:08 IST" skipped="0">
  <testcase classname="Demo.test1" name="students" time="0.023"/>
</testsuite> <!-- Demo.test1 -->
