<?xml version="1.0" encoding="UTF-8"?>
<!-- Generated by org.testng.reporters.JUnitReportReporter -->
<testsuite hostname="SADIYAs-MacBook-Pro.local" failures="0" tests="1" name="testNG.WorkingWithTakingScreensshot" time="3.650" errors="0" timestamp="2025-06-05T09:00:24 IST" skipped="0">
  <testcase classname="testNG.WorkingWithTakingScreensshot" name="takescreenshot" time="3.650"/>
</testsuite> <!-- testNG.WorkingWithTakingScreensshot -->
