<?xml version="1.0" encoding="UTF-8"?>
<!-- Generated by org.testng.reporters.JUnitReportReporter -->
<testsuite hostname="SADIYAs-MacBook-Pro.local" failures="0" tests="3" name="testNG.dataProviderDemo" time="0.032" errors="0" timestamp="2025-05-29T07:42:05 IST" skipped="0">
  <testcase classname="testNG.dataProviderDemo" name="login" time="0.002"/>
  <testcase classname="testNG.dataProviderDemo" name="login" time="0.027"/>
  <testcase classname="testNG.dataProviderDemo" name="login" time="0.003"/>
</testsuite> <!-- testNG.dataProviderDemo -->
