<?xml version="1.0" encoding="UTF-8"?>
<!-- Generated by org.testng.reporters.JUnitReportReporter -->
<testsuite hostname="SADIYAs-MacBook-Pro.local" failures="0" tests="7" name="testNG.Demo" time="6.144" errors="0" timestamp="2025-05-28T07:39:24 IST" skipped="0">
  <testcase classname="testNG.Demo" name="t3" time="2.570">
    <system-out>
      <![CDATA[t3]]>
    </system-out>
  </testcase> <!-- t3 -->
  <testcase classname="testNG.Demo" name="t4" time="1.742">
    <system-out>
      <![CDATA[t3]]>
    </system-out>
  </testcase> <!-- t4 -->
  <testcase classname="testNG.Demo" name="t2" time="1.811">
    <system-out>
      <![CDATA[t2]]>
    </system-out>
  </testcase> <!-- t2 -->
  <testcase classname="testNG.Demo" name="t1" time="0.006">
    <system-out>
      <![CDATA[t1]]>
    </system-out>
  </testcase> <!-- t1 -->
  <testcase classname="testNG.Demo" name="t1" time="0.008">
    <system-out>
      <![CDATA[t1]]>
    </system-out>
  </testcase> <!-- t1 -->
  <testcase classname="testNG.Demo" name="t1" time="0.003">
    <system-out>
      <![CDATA[t1]]>
    </system-out>
  </testcase> <!-- t1 -->
  <testcase classname="testNG.Demo" name="t1" time="0.004">
    <system-out>
      <![CDATA[t1]]>
    </system-out>
  </testcase> <!-- t1 -->
  <system-out>
    <![CDATA[t3
t2
t3
t1
t1
t1
t1]]>
  </system-out>
</testsuite> <!-- testNG.Demo -->
