<?xml version="1.0" encoding="UTF-8"?>
<!-- Generated by org.testng.reporters.JUnitReportReporter -->
<testsuite hostname="SADIYAs-MacBook-Pro.local" failures="0" tests="1" name="testNG.assertionsDemo" time="3.227" errors="0" timestamp="2025-06-05T08:05:19 IST" skipped="0">
  <testcase classname="testNG.assertionsDemo" name="demo" time="3.227"/>
</testsuite> <!-- testNG.assertionsDemo -->
