<?xml version="1.0" encoding="UTF-8"?>
<!-- Generated by org.testng.reporters.JUnitReportReporter -->
<testsuite hostname="SADIYAs-MacBook-Pro.local" failures="0" tests="3" name="testng.script4" time="0.011" errors="0" timestamp="2025-01-11T19:42:17 IST" skipped="0">
  <testcase classname="testng.script4" name="createAccount" time="0.004"/>
  <system-out/>
  <testcase classname="testng.script4" name="createAccount" time="0.005"/>
  <system-out/>
  <testcase classname="testng.script4" name="createAccount" time="0.002"/>
  <system-out/>
</testsuite> <!-- testng.script4 -->
