<?xml version="1.0" encoding="UTF-8"?>
<!-- Generated by org.testng.reporters.JUnitReportReporter -->
<testsuite hostname="SADIYAs-MacBook-Pro.local" failures="0" tests="1" name="testng.fb" time="120.501" errors="0" timestamp="2025-01-15T20:16:21 IST" skipped="0">
  <testcase classname="testng.fb" name="fb" time="120.501"/>
  <system-out/>
</testsuite> <!-- testng.fb -->
