<?xml version="1.0" encoding="UTF-8"?>
<!-- Generated by org.testng.reporters.JUnitReportReporter -->
<testsuite hostname="SADIYAs-MacBook-Pro.local" failures="0" tests="2" name="testng.script6" time="0.034" errors="0" timestamp="2025-02-28T15:22:35 IST" skipped="1">
  <testcase classname="testng.script6" name="deleteAccount" time="0.034"/>
  <system-out/>
  <testcase classname="testng.script6" name="createAccount">
    <skipped/>
  </testcase> <!-- createAccount -->
  <system-out/>
</testsuite> <!-- testng.script6 -->
