<?xml version="1.0" encoding="UTF-8"?>
<!-- Generated by org.testng.reporters.JUnitReportReporter -->
<testsuite hostname="SADIYAs-MacBook-Pro.local" failures="0" tests="1" name="testng.script1" time="0.002" errors="0" timestamp="2025-01-11T19:42:17 IST" skipped="0">
  <testcase classname="testng.script1" name="test1" time="0.002"/>
  <system-out>
    <![CDATA[HELLO]]>
  </system-out>
</testsuite> <!-- testng.script1 -->
