<?xml version="1.0" encoding="UTF-8"?>
<!-- Generated by org.testng.reporters.JUnitReportReporter -->
<testsuite hostname="SADIYAs-MacBook-Pro.local" failures="0" tests="4" name="testng.script5" time="0.006" errors="0" timestamp="2025-01-11T19:42:17 IST" skipped="0">
  <testcase classname="testng.script5" name="test4" time="0.001"/>
  <system-out/>
  <testcase classname="testng.script5" name="test3" time="0.002"/>
  <system-out/>
  <testcase classname="testng.script5" name="test1" time="0.001"/>
  <system-out/>
  <testcase classname="testng.script5" name="test2" time="0.002"/>
  <system-out/>
</testsuite> <!-- testng.script5 -->
