<?xml version="1.0" encoding="UTF-8"?>
<!-- Generated by org.testng.reporters.JUnitReportReporter -->
<testsuite hostname="SADIYAs-MacBook-Pro.local" failures="0" tests="2" name="testng.testng_Suite" time="0.026" errors="0" timestamp="2025-01-11T19:54:12 IST" skipped="0">
  <testcase classname="testng.testng_Suite" name="test5" time="0.002"/>
  <system-out/>
  <testcase classname="testng.testng_Suite" name="test3" time="0.024"/>
  <system-out/>
</testsuite> <!-- testng.testng_Suite -->
