<?xml version="1.0" encoding="UTF-8"?>
<!-- Generated by org.testng.reporters.JUnitReportReporter -->
<testsuite hostname="SADIYAs-MacBook-Pro.local" failures="0" tests="3" name="testng.script2" time="0.005" errors="0" timestamp="2025-01-11T19:42:17 IST" skipped="0">
  <testcase classname="testng.script2" name="editAccount" time="0.001"/>
  <system-out/>
  <testcase classname="testng.script2" name="deleteAccount" time="0.002"/>
  <system-out/>
  <testcase classname="testng.script2" name="createAccount" time="0.002"/>
  <system-out/>
</testsuite> <!-- testng.script2 -->
